Arguments: 
  /home/emmanueldlf/.nvm/versions/node/v16.15.1/bin/node /home/emmanueldlf/.nvm/versions/node/v16.15.1/bin/yarn init

PATH: 
  ./bin:./node_modules/.bin:/home/emmanueldlf/.nvm/versions/node/v16.15.1/bin:/home/emmanueldlf/.rbenv/shims:/home/emmanueldlf/.rbenv/bin:/home/emmanueldlf/.pyenv/bin:/usr/local/sbin:/usr/local/bin:/usr/sbin:/usr/bin:/sbin:/bin:/usr/games:/usr/local/games:/usr/lib/wsl/lib:/mnt/c/Program Files/Python311/Scripts/:/mnt/c/Program Files/Python311/:/mnt/c/Program Files (x86)/Intel/iCLS Client/:/mnt/c/Program Files/Intel/iCLS Client/:/mnt/c/Windows/system32:/mnt/c/Windows:/mnt/c/Windows/System32/Wbem:/mnt/c/Windows/System32/WindowsPowerShell/v1.0/:/mnt/c/Program Files (x86)/Intel/Intel(R) Management Engine Components/DAL:/mnt/c/Program Files/Intel/Intel(R) Management Engine Components/DAL:/mnt/c/Program Files (x86)/Intel/Intel(R) Management Engine Components/IPT:/mnt/c/Program Files/Intel/Intel(R) Management Engine Components/IPT:/mnt/c/Program Files (x86)/NVIDIA Corporation/PhysX/Common:/mnt/c/WINDOWS/system32:/mnt/c/WINDOWS:/mnt/c/WINDOWS/System32/Wbem:/mnt/c/WINDOWS/System32/WindowsPowerShell/v1.0/:/mnt/c/WINDOWS/System32/OpenSSH/:/mnt/c/Program Files/Intel/WiFi/bin/:/mnt/c/Program Files/Common Files/Intel/WirelessCommon/:/mnt/c/Users/manud/AppData/Local/Microsoft/WindowsApps:/mnt/c/Users/manud/AppData/Local/GitHubDesktop/bin:/mnt/d/Microsoft VS Code/bin:/usr/local/sbin

Yarn version: 
  1.22.19

Node version: 
  16.15.1

Platform: 
  linux x64

Trace: 
  Error: canceled
      at Interface.<anonymous> (/home/emmanueldlf/.nvm/versions/node/v16.15.1/lib/node_modules/yarn/lib/cli.js:137150:13)
      at Interface.emit (node:events:527:28)
      at Interface._ttyWrite (node:readline:1081:16)
      at ReadStream.onkeypress (node:readline:288:10)
      at ReadStream.emit (node:events:527:28)
      at emitKeys (node:internal/readline/utils:358:14)
      at emitKeys.next (<anonymous>)
      at ReadStream.onData (node:internal/readline/emitKeypressEvents:61:36)
      at ReadStream.emit (node:events:527:28)
      at addChunk (node:internal/streams/readable:315:12)

npm manifest: 
  {
    "dependencies": {
      "@glidejs/glide": "^3.6.0"
    },
    "devDependencies": {
      "@types/glidejs__glide": "^3.6.1"
    }
  }

yarn manifest: 
  No manifest

Lockfile: 
  # THIS IS AN AUTOGENERATED FILE. DO NOT EDIT THIS FILE DIRECTLY.
  # yarn lockfile v1
  
  
  "@glidejs/glide@^3.6.0":
    "integrity" "sha512-47Aa+JmYjY4xTFpTtYCwrqirmI1arnp1UZETwtWpbTPisXUAuxrdJxKJLH8KHFWMsSrLi9+AcfyfzDIuO75rEA=="
    "resolved" "https://registry.npmjs.org/@glidejs/glide/-/glide-3.6.0.tgz"
    "version" "3.6.0"
  
  "@types/glidejs__glide@^3.6.1":
    "integrity" "sha512-+HNjIPLtyRHhyswWSJ9hJjFMw6F9PEpwA+aZGKxh6RE8MceQMrTBeIj5JNc8GwnwdPwb/MLR6aKnkE87usxd9A=="
    "resolved" "https://registry.npmjs.org/@types/glidejs__glide/-/glidejs__glide-3.6.1.tgz"
    "version" "3.6.1"
